<?xml version="1.0" encoding="UTF-8"?>
<!-- Generated by org.testng.reporters.JUnitXMLReporter -->
<testsuite hostname="Bee" ignored="0" name="Login into Drive2" tests="4" failures="1" timestamp="07 Aug 2017 08:29:12 GMT" time="32.751" errors="0">
  <testcase name="loginIntoDive2" time="26.183" classname="testCases.Chat"/>
  <testcase name="verifyThatTextMessageIsSent" time="0.001" classname="testCases.Chat"/>
  <testcase name="verifyThatChatScreenIsOpened" time="2.889" classname="testCases.Chat"/>
  <testcase name="verifyThatDialogWithUserIsOpened" time="0.336" classname="testCases.Chat">
    <failure type="org.openqa.selenium.WebDriverException" message="An unknown server-side error occurred while processing the command. (WARNING: The server did not provide any stacktrace information)
Command duration or timeout: 328 milliseconds
Build info: version: &amp;apos;unknown&amp;apos;, revision: &amp;apos;unknown&amp;apos;, time: &amp;apos;unknown&amp;apos;
System info: host: &amp;apos;BEE&amp;apos;, ip: &amp;apos;192.168.105.114&amp;apos;, os.name: &amp;apos;Windows 10&amp;apos;, os.arch: &amp;apos;amd64&amp;apos;, os.version: &amp;apos;10.0&amp;apos;, java.version: &amp;apos;1.8.0_131&amp;apos;
Driver info: io.appium.java_client.android.AndroidDriver
Capabilities [{app=C:\Work\Eclipse\Mobile\Drive2\src\3.37.595-app-common-debug.apk, appPackage=com.drive2, deviceScreenSize=1080x1920, networkConnectionEnabled=true, warnings={}, appWaitPackage=com.drive2, appWaitActivity=com.drive2.activities.StartupActivity, databaseEnabled=false, deviceName=FA41ES900514, platform=LINUX, deviceUDID=FA41ES900514, appActivity=com.drive2.activities.StartupActivity, desired={app=C:\Work\Eclipse\Mobile\Drive2\src\3.37.595-app-common-debug.apk, newCommandTimeout=200, platformName=Android, deviceName=Android device}, newCommandTimeout=200, platformVersion=5.0.2, webStorageEnabled=false, locationContextEnabled=false, takesScreenshot=true, javascriptEnabled=true, deviceModel=HTC6500LVW, platformName=Android, deviceManufacturer=HTC}]
Session ID: a3dbf0c4-eba2-45a2-87a3-70418b3dfbf2
*** Element info: {Using=xpath, value=android.widget.TextView}">
      <![CDATA[org.openqa.selenium.WebDriverException: An unknown server-side error occurred while processing the command. (WARNING: The server did not provide any stacktrace information)
Command duration or timeout: 328 milliseconds
Build info: version: 'unknown', revision: 'unknown', time: 'unknown'
System info: host: 'BEE', ip: '192.168.105.114', os.name: 'Windows 10', os.arch: 'amd64', os.version: '10.0', java.version: '1.8.0_131'
Driver info: io.appium.java_client.android.AndroidDriver
Capabilities [{app=C:\Work\Eclipse\Mobile\Drive2\src\3.37.595-app-common-debug.apk, appPackage=com.drive2, deviceScreenSize=1080x1920, networkConnectionEnabled=true, warnings={}, appWaitPackage=com.drive2, appWaitActivity=com.drive2.activities.StartupActivity, databaseEnabled=false, deviceName=FA41ES900514, platform=LINUX, deviceUDID=FA41ES900514, appActivity=com.drive2.activities.StartupActivity, desired={app=C:\Work\Eclipse\Mobile\Drive2\src\3.37.595-app-common-debug.apk, newCommandTimeout=200, platformName=Android, deviceName=Android device}, newCommandTimeout=200, platformVersion=5.0.2, webStorageEnabled=false, locationContextEnabled=false, takesScreenshot=true, javascriptEnabled=true, deviceModel=HTC6500LVW, platformName=Android, deviceManufacturer=HTC}]
Session ID: a3dbf0c4-eba2-45a2-87a3-70418b3dfbf2
*** Element info: {Using=xpath, value=android.widget.TextView}
	at org.openqa.selenium.remote.ErrorHandler.createThrowable(ErrorHandler.java:215)
	at org.openqa.selenium.remote.ErrorHandler.throwIfResponseFailed(ErrorHandler.java:167)
	at org.openqa.selenium.remote.RemoteWebDriver.execute(RemoteWebDriver.java:671)
	at io.appium.java_client.DefaultGenericMobileDriver.execute(DefaultGenericMobileDriver.java:42)
	at io.appium.java_client.AppiumDriver.execute(AppiumDriver.java:1)
	at io.appium.java_client.android.AndroidDriver.execute(AndroidDriver.java:1)
	at org.openqa.selenium.remote.RemoteWebDriver.findElements(RemoteWebDriver.java:437)
	at io.appium.java_client.DefaultGenericMobileDriver.findElements(DefaultGenericMobileDriver.java:54)
	at io.appium.java_client.AppiumDriver.findElements(AppiumDriver.java:168)
	at org.openqa.selenium.remote.RemoteWebDriver.findElementsByXPath(RemoteWebDriver.java:513)
	at io.appium.java_client.DefaultGenericMobileDriver.findElementsByXPath(DefaultGenericMobileDriver.java:144)
	at io.appium.java_client.AppiumDriver.findElementsByXPath(AppiumDriver.java:200)
	at org.openqa.selenium.By$ByXPath.findElements(By.java:356)
	at org.openqa.selenium.remote.RemoteWebDriver.findElements(RemoteWebDriver.java:398)
	at io.appium.java_client.DefaultGenericMobileDriver.findElements(DefaultGenericMobileDriver.java:50)
	at io.appium.java_client.AppiumDriver.findElements(AppiumDriver.java:164)
	at org.openqa.selenium.support.ui.ExpectedConditions.findElements(ExpectedConditions.java:901)
	at org.openqa.selenium.support.ui.ExpectedConditions.access$200(ExpectedConditions.java:44)
	at org.openqa.selenium.support.ui.ExpectedConditions$11.apply(ExpectedConditions.java:316)
	at org.openqa.selenium.support.ui.ExpectedConditions$11.apply(ExpectedConditions.java:313)
	at org.openqa.selenium.support.ui.FluentWait.until(FluentWait.java:209)
	at commonClasses.CommonMethods.waitForElements(CommonMethods.java:43)
	at pages.PageChat.tapOnUser(PageChat.java:65)
	at testCases.Chat.verifyThatDialogWithUserIsOpened(Chat.java:69)
... Removed 29 stack frames]]>
    </failure>
  </testcase> <!-- verifyThatDialogWithUserIsOpened -->
</testsuite> <!-- Login into Drive2 -->
