<?xml version="1.0" encoding="UTF-8"?>
<!-- Generated by org.testng.reporters.JUnitXMLReporter -->
<testsuite hostname="Bee" ignored="1" name="Default test" tests="1" failures="0" timestamp="22 Sep 2017 18:32:59 GMT" time="19.799" errors="0">
  <testcase name="verifyThatNewsFeedIsOpened" time="4.973" classname="testCases.NewsFeedTests"/>
  <testcase name="verifyThatPostIsOpened" time="0.0" classname="testCases.NewsFeedTests">
    <ignored/>
  </testcase> <!-- verifyThatPostIsOpened -->
</testsuite> <!-- Default test -->
