<?xml version="1.0" encoding="UTF-8"?>
<!-- Generated by org.testng.reporters.JUnitXMLReporter -->
<testsuite hostname="Bee" ignored="1" name="Chat" tests="2" failures="1" timestamp="05 Sep 2017 05:11:39 GMT" time="91.008" errors="0">
  <testcase name="verifyThatChatScreenIsOpened" time="90.618" classname="testCases.Chat">
    <failure type="org.openqa.selenium.TimeoutException" message="Expected condition failed: waiting for presence of any elements located by By.xpath: //android.widget.TextView[@index=&amp;apos;0&amp;apos;] (tried for 90 second(s) with 500 MILLISECONDS interval)
Build info: version: &amp;apos;unknown&amp;apos;, revision: &amp;apos;unknown&amp;apos;, time: &amp;apos;unknown&amp;apos;
System info: host: &amp;apos;BEE&amp;apos;, ip: &amp;apos;192.168.155.188&amp;apos;, os.name: &amp;apos;Windows 10&amp;apos;, os.arch: &amp;apos;amd64&amp;apos;, os.version: &amp;apos;10.0&amp;apos;, java.version: &amp;apos;1.8.0_131&amp;apos;
Driver info: io.appium.java_client.android.AndroidDriver
Capabilities [{appPackage=com.drive2, deviceScreenSize=1080x1920, networkConnectionEnabled=true, warnings={}, databaseEnabled=false, deviceName=FA41ES900514, platform=LINUX, deviceUDID=FA41ES900514, appActivity=com.drive2.activities.StartupActivity, desired={appPackage=com.drive2, appActivity=com.drive2.activities.StartupActivity, newCommandTimeout=200, platformName=Android, deviceName=Android device}, newCommandTimeout=200, platformVersion=5.0.2, webStorageEnabled=false, locationContextEnabled=false, takesScreenshot=true, javascriptEnabled=true, deviceModel=HTC6500LVW, platformName=Android, deviceManufacturer=HTC}]
Session ID: 6312e1ad-5920-4830-a9a0-9504e1dd79bb">
      <![CDATA[org.openqa.selenium.TimeoutException: Expected condition failed: waiting for presence of any elements located by By.xpath: //android.widget.TextView[@index='0'] (tried for 90 second(s) with 500 MILLISECONDS interval)
Build info: version: 'unknown', revision: 'unknown', time: 'unknown'
System info: host: 'BEE', ip: '192.168.155.188', os.name: 'Windows 10', os.arch: 'amd64', os.version: '10.0', java.version: '1.8.0_131'
Driver info: io.appium.java_client.android.AndroidDriver
Capabilities [{appPackage=com.drive2, deviceScreenSize=1080x1920, networkConnectionEnabled=true, warnings={}, databaseEnabled=false, deviceName=FA41ES900514, platform=LINUX, deviceUDID=FA41ES900514, appActivity=com.drive2.activities.StartupActivity, desired={appPackage=com.drive2, appActivity=com.drive2.activities.StartupActivity, newCommandTimeout=200, platformName=Android, deviceName=Android device}, newCommandTimeout=200, platformVersion=5.0.2, webStorageEnabled=false, locationContextEnabled=false, takesScreenshot=true, javascriptEnabled=true, deviceModel=HTC6500LVW, platformName=Android, deviceManufacturer=HTC}]
Session ID: 6312e1ad-5920-4830-a9a0-9504e1dd79bb
	at org.openqa.selenium.support.ui.WebDriverWait.timeoutException(WebDriverWait.java:80)
	at org.openqa.selenium.support.ui.FluentWait.until(FluentWait.java:232)
	at commonClasses.CommonMethods.waitForElements(CommonMethods.java:46)
	at commonClasses.CommonMethods.getScreenTitle(CommonMethods.java:56)
	at pages.PageChat.getTheTitle(PageChat.java:43)
	at testCases.Chat.verifyThatChatScreenIsOpened(Chat.java:86)
... Removed 25 stack frames]]>
    </failure>
  </testcase> <!-- verifyThatChatScreenIsOpened -->
  <testcase name="verifyThatDialogWithUserIsOpened" time="0.0" classname="testCases.Chat">
    <skipped/>
  </testcase> <!-- verifyThatDialogWithUserIsOpened -->
  <testcase name="verifyThatTextMessageIsSent" time="0.0" classname="testCases.Chat">
    <ignored/>
  </testcase> <!-- verifyThatTextMessageIsSent -->
</testsuite> <!-- Chat -->
