<?xml version="1.0" encoding="UTF-8"?>
<!-- Generated by org.testng.reporters.JUnitXMLReporter -->
<testsuite hostname="Bee" ignored="2" name="Chat" tests="2" failures="0" timestamp="08 Aug 2017 00:19:52 GMT" time="0.017" errors="0">
  <testcase name="@BeforeSuite beforeClass" time="0.028" classname="testCases.Chat">
    <failure type="org.openqa.selenium.SessionNotCreatedException" message="A new session could not be created. Details: Problem getting session data for driver type AndroidDriver; does it implement &amp;apos;get driverData&amp;apos;? (WARNING: The server did not provide any stacktrace information)
Command duration or timeout: 0 milliseconds
Build info: version: &amp;apos;unknown&amp;apos;, revision: &amp;apos;unknown&amp;apos;, time: &amp;apos;unknown&amp;apos;
System info: host: &amp;apos;BEE&amp;apos;, ip: &amp;apos;10.40.5.79&amp;apos;, os.name: &amp;apos;Windows 10&amp;apos;, os.arch: &amp;apos;amd64&amp;apos;, os.version: &amp;apos;10.0&amp;apos;, java.version: &amp;apos;1.8.0_131&amp;apos;
Driver info: driver.version: AndroidDriver">
      <![CDATA[org.openqa.selenium.SessionNotCreatedException: A new session could not be created. Details: Problem getting session data for driver type AndroidDriver; does it implement 'get driverData'? (WARNING: The server did not provide any stacktrace information)
Command duration or timeout: 0 milliseconds
Build info: version: 'unknown', revision: 'unknown', time: 'unknown'
System info: host: 'BEE', ip: '10.40.5.79', os.name: 'Windows 10', os.arch: 'amd64', os.version: '10.0', java.version: '1.8.0_131'
Driver info: driver.version: AndroidDriver
	at org.openqa.selenium.remote.ErrorHandler.createThrowable(ErrorHandler.java:215)
	at org.openqa.selenium.remote.ErrorHandler.throwIfResponseFailed(ErrorHandler.java:167)
	at io.appium.java_client.remote.AppiumProtocolHandShake.createSession(AppiumProtocolHandShake.java:161)
	at io.appium.java_client.remote.AppiumProtocolHandShake.createSession(AppiumProtocolHandShake.java:76)
	at io.appium.java_client.remote.AppiumCommandExecutor.doExecute(AppiumCommandExecutor.java:111)
	at io.appium.java_client.remote.AppiumCommandExecutor.execute(AppiumCommandExecutor.java:162)
	at org.openqa.selenium.remote.RemoteWebDriver.execute(RemoteWebDriver.java:637)
	at io.appium.java_client.DefaultGenericMobileDriver.execute(DefaultGenericMobileDriver.java:42)
	at io.appium.java_client.AppiumDriver.execute(AppiumDriver.java:1)
	at io.appium.java_client.android.AndroidDriver.execute(AndroidDriver.java:1)
	at org.openqa.selenium.remote.RemoteWebDriver.startSession(RemoteWebDriver.java:250)
	at org.openqa.selenium.remote.RemoteWebDriver.startSession(RemoteWebDriver.java:236)
	at org.openqa.selenium.remote.RemoteWebDriver.<init>(RemoteWebDriver.java:137)
	at io.appium.java_client.DefaultGenericMobileDriver.<init>(DefaultGenericMobileDriver.java:38)
	at io.appium.java_client.AppiumDriver.<init>(AppiumDriver.java:88)
	at io.appium.java_client.AppiumDriver.<init>(AppiumDriver.java:112)
	at io.appium.java_client.android.AndroidDriver.<init>(AndroidDriver.java:73)
	at commonClasses.SetupCapabilities.CreateCapabilities(SetupCapabilities.java:38)
	at testCases.Chat.beforeClass(Chat.java:34)
... Removed 23 stack frames]]>
    </failure>
  </testcase> <!-- @BeforeSuite beforeClass -->
  <testcase name="@AfterClass AfterTestQuit" time="0.0" classname="testCases.Chat">
    <skipped/>
  </testcase> <!-- @AfterClass AfterTestQuit -->
  <testcase name="loginIntoDive2" time="0.0" classname="testCases.Chat">
    <skipped/>
  </testcase> <!-- loginIntoDive2 -->
  <testcase name="verifyThatChatScreenIsOpened" time="0.0" classname="testCases.Chat">
    <skipped/>
  </testcase> <!-- verifyThatChatScreenIsOpened -->
  <testcase name="verifyThatTextMessageIsSent" time="0.0" classname="testCases.Chat">
    <ignored/>
  </testcase> <!-- verifyThatTextMessageIsSent -->
  <testcase name="verifyThatDialogWithUserIsOpened" time="0.0" classname="testCases.Chat">
    <ignored/>
  </testcase> <!-- verifyThatDialogWithUserIsOpened -->
</testsuite> <!-- Chat -->
