<?xml version="1.0" encoding="UTF-8"?>
<!-- Generated by org.testng.reporters.JUnitXMLReporter -->
<testsuite hostname="Bee" ignored="3" name="login into Drive2" tests="4" failures="0" timestamp="15 Jun 2017 19:06:57 GMT" time="60.551" errors="0">
  <testcase name="VerifyRejectLoginByEmailIsPerformed" time="2.634" classname="testCases.VerifyLoginIntoDrive2"/>
  <testcase name="VerifyLoginByEmailIsPerformed" time="22.84" classname="testCases.VerifyLoginIntoDrive2"/>
  <testcase name="VerifyLogoutFromAppIsPerformed" time="15.445" classname="testCases.VerifyLoginIntoDrive2"/>
  <testcase name="VerifyRejectLoginByVKontakteIsPerformed" time="4.503" classname="testCases.VerifyLoginIntoDrive2"/>
  <testcase name="VerifyRejectLoginByFacebookIsPerformed" time="0.0" classname="testCases.VerifyLoginIntoDrive2">
    <ignored/>
  </testcase> <!-- VerifyRejectLoginByFacebookIsPerformed -->
  <testcase name="VerifyLoginByVKontakteIsPerformed" time="0.0" classname="testCases.VerifyLoginIntoDrive2">
    <ignored/>
  </testcase> <!-- VerifyLoginByVKontakteIsPerformed -->
  <testcase name="VerifyLoginByFacebookIsPerformed" time="0.0" classname="testCases.VerifyLoginIntoDrive2">
    <ignored/>
  </testcase> <!-- VerifyLoginByFacebookIsPerformed -->
</testsuite> <!-- login into Drive2 -->
