<?xml version="1.0" encoding="UTF-8"?>
<!-- Generated by org.testng.reporters.JUnitXMLReporter -->
<testsuite hostname="Bee" ignored="1" name="Smoke test" tests="2" failures="0" timestamp="05 Sep 2017 04:40:37 GMT" time="27.741" errors="0">
  <testcase name="verifyThatChatScreenIsOpened" time="2.691" classname="testCases.Chat"/>
  <testcase name="verifyThatDialogWithUserIsOpened" time="1.965" classname="testCases.Chat"/>
  <testcase name="verifyThatTextMessageIsSent" time="0.0" classname="testCases.Chat">
    <ignored/>
  </testcase> <!-- verifyThatTextMessageIsSent -->
</testsuite> <!-- Smoke test -->
