<?xml version="1.0" encoding="UTF-8"?>
<!-- Generated by org.testng.reporters.JUnitXMLReporter -->
<testsuite hostname="Bee" ignored="1" name="Drive2LoginByFB" tests="4" failures="0" timestamp="15 Jun 2017 06:19:39 GMT" time="63.176" errors="0">
  <testcase name="VerifyRejectLoginByEmailIsPerformed" time="2.783" classname="testCases.VerifyLoginIntoDrive2"/>
  <testcase name="VerifyLoginByEmailIsPerformed" time="23.573" classname="testCases.VerifyLoginIntoDrive2"/>
  <testcase name="VerifyLogoutFromAppIsPerformed" time="15.111" classname="testCases.VerifyLoginIntoDrive2"/>
  <testcase name="VerifyLoginByFacebookIsPerformed" time="4.158" classname="testCases.VerifyLoginIntoDrive2"/>
  <testcase name="VerifyLoginByVKontakteIsPerformed" time="0.0" classname="testCases.VerifyLoginIntoDrive2">
    <ignored/>
  </testcase> <!-- VerifyLoginByVKontakteIsPerformed -->
</testsuite> <!-- Drive2LoginByFB -->
