<?xml version="1.0" encoding="UTF-8"?>
<!-- Generated by org.testng.reporters.JUnitXMLReporter -->
<testsuite hostname="Bee" ignored="2" name="Drive2LoginByEmail" tests="3" failures="0" timestamp="15 Jun 2017 06:18:36 GMT" time="100.767" errors="0">
  <testcase name="VerifyRejectLoginByEmailIsPerformed" time="2.931" classname="testCases.VerifyLoginIntoDrive2"/>
  <testcase name="VerifyLoginByEmailIsPerformed" time="23.126" classname="testCases.VerifyLoginIntoDrive2"/>
  <testcase name="VerifyLogoutFromAppIsPerformed" time="15.233" classname="testCases.VerifyLoginIntoDrive2"/>
  <testcase name="VerifyLoginByVKontakteIsPerformed" time="0.0" classname="testCases.VerifyLoginIntoDrive2">
    <ignored/>
  </testcase> <!-- VerifyLoginByVKontakteIsPerformed -->
  <testcase name="VerifyLoginByFacebookIsPerformed" time="0.0" classname="testCases.VerifyLoginIntoDrive2">
    <ignored/>
  </testcase> <!-- VerifyLoginByFacebookIsPerformed -->
</testsuite> <!-- Drive2LoginByEmail -->
